{"C:\\Users\\punit\\OneDrive\\Desktop\\Cohort\\assignments-master\\week-3\\01-middlewares\\01-requestcount.js": {"path":"C:\\Users\\punit\\OneDrive\\Desktop\\Cohort\\assignments-master\\week-3\\01-middlewares\\01-requestcount.js","all":false,"statementMap":{"0":{"start":{"line":1,"column":0},"end":{"line":1,"column":37}},"1":{"start":{"line":2,"column":0},"end":{"line":2,"column":33}},"2":{"start":{"line":3,"column":0},"end":{"line":3,"column":35}},"3":{"start":{"line":4,"column":0},"end":{"line":4,"column":0}},"4":{"start":{"line":5,"column":0},"end":{"line":5,"column":22}},"5":{"start":{"line":6,"column":0},"end":{"line":6,"column":21}},"6":{"start":{"line":7,"column":0},"end":{"line":7,"column":0}},"7":{"start":{"line":8,"column":0},"end":{"line":8,"column":25}},"8":{"start":{"line":9,"column":0},"end":{"line":9,"column":30}},"9":{"start":{"line":10,"column":0},"end":{"line":10,"column":2}},"10":{"start":{"line":11,"column":0},"end":{"line":11,"column":10}},"11":{"start":{"line":12,"column":0},"end":{"line":12,"column":2}},"12":{"start":{"line":13,"column":0},"end":{"line":13,"column":0}},"13":{"start":{"line":14,"column":0},"end":{"line":14,"column":67}},"14":{"start":{"line":15,"column":0},"end":{"line":15,"column":66}},"15":{"start":{"line":16,"column":0},"end":{"line":16,"column":78}},"16":{"start":{"line":17,"column":0},"end":{"line":17,"column":24}},"17":{"start":{"line":18,"column":0},"end":{"line":18,"column":0}},"18":{"start":{"line":19,"column":0},"end":{"line":19,"column":37}},"19":{"start":{"line":20,"column":0},"end":{"line":20,"column":0}},"20":{"start":{"line":21,"column":0},"end":{"line":21,"column":0}},"21":{"start":{"line":22,"column":0},"end":{"line":22,"column":41}},"22":{"start":{"line":23,"column":0},"end":{"line":23,"column":3}},"23":{"start":{"line":24,"column":0},"end":{"line":24,"column":0}},"24":{"start":{"line":25,"column":0},"end":{"line":25,"column":38}},"25":{"start":{"line":26,"column":0},"end":{"line":26,"column":54}},"26":{"start":{"line":27,"column":0},"end":{"line":27,"column":3}},"27":{"start":{"line":28,"column":0},"end":{"line":28,"column":0}},"28":{"start":{"line":29,"column":0},"end":{"line":29,"column":45}},"29":{"start":{"line":30,"column":0},"end":{"line":30,"column":41}},"30":{"start":{"line":31,"column":0},"end":{"line":31,"column":3}},"31":{"start":{"line":32,"column":0},"end":{"line":32,"column":0}},"32":{"start":{"line":33,"column":0},"end":{"line":33,"column":16}},"33":{"start":{"line":34,"column":0},"end":{"line":34,"column":21}}},"s":{"0":1,"1":1,"2":1,"3":1,"4":1,"5":1,"6":1,"7":1,"8":12,"9":12,"10":12,"11":12,"12":1,"13":1,"14":1,"15":1,"16":1,"17":1,"18":1,"19":10,"20":10,"21":10,"22":1,"23":1,"24":1,"25":0,"26":1,"27":1,"28":1,"29":2,"30":1,"31":1,"32":1,"33":1},"branchMap":{"0":{"type":"branch","line":8,"loc":{"start":{"line":8,"column":8},"end":{"line":12,"column":2}},"locations":[{"start":{"line":8,"column":8},"end":{"line":12,"column":2}}]},"1":{"type":"branch","line":19,"loc":{"start":{"line":19,"column":17},"end":{"line":23,"column":2}},"locations":[{"start":{"line":19,"column":17},"end":{"line":23,"column":2}}]},"2":{"type":"branch","line":29,"loc":{"start":{"line":29,"column":25},"end":{"line":31,"column":2}},"locations":[{"start":{"line":29,"column":25},"end":{"line":31,"column":2}}]}},"b":{"0":[12],"1":[10],"2":[2]},"fnMap":{},"f":{}}
,"C:\\Users\\punit\\OneDrive\\Desktop\\Cohort\\assignments-master\\week-3\\01-middlewares\\02-ratelimitter.js": {"path":"C:\\Users\\punit\\OneDrive\\Desktop\\Cohort\\assignments-master\\week-3\\01-middlewares\\02-ratelimitter.js","all":false,"statementMap":{"0":{"start":{"line":1,"column":0},"end":{"line":1,"column":37}},"1":{"start":{"line":2,"column":0},"end":{"line":2,"column":33}},"2":{"start":{"line":3,"column":0},"end":{"line":3,"column":35}},"3":{"start":{"line":4,"column":0},"end":{"line":4,"column":22}},"4":{"start":{"line":5,"column":0},"end":{"line":5,"column":24}},"5":{"start":{"line":6,"column":0},"end":{"line":6,"column":67}},"6":{"start":{"line":7,"column":0},"end":{"line":7,"column":66}},"7":{"start":{"line":8,"column":0},"end":{"line":8,"column":67}},"8":{"start":{"line":9,"column":0},"end":{"line":9,"column":70}},"9":{"start":{"line":10,"column":0},"end":{"line":10,"column":32}},"10":{"start":{"line":11,"column":0},"end":{"line":11,"column":67}},"11":{"start":{"line":12,"column":0},"end":{"line":12,"column":79}},"12":{"start":{"line":13,"column":0},"end":{"line":13,"column":26}},"13":{"start":{"line":14,"column":0},"end":{"line":14,"column":0}},"14":{"start":{"line":15,"column":0},"end":{"line":15,"column":30}},"15":{"start":{"line":16,"column":0},"end":{"line":16,"column":19}},"16":{"start":{"line":17,"column":0},"end":{"line":17,"column":33}},"17":{"start":{"line":18,"column":0},"end":{"line":18,"column":10}},"18":{"start":{"line":19,"column":0},"end":{"line":19,"column":25}},"19":{"start":{"line":20,"column":0},"end":{"line":20,"column":52}},"20":{"start":{"line":21,"column":0},"end":{"line":21,"column":33}},"21":{"start":{"line":22,"column":0},"end":{"line":22,"column":24}},"22":{"start":{"line":23,"column":0},"end":{"line":23,"column":27}},"23":{"start":{"line":24,"column":0},"end":{"line":24,"column":3}},"24":{"start":{"line":25,"column":0},"end":{"line":25,"column":9}},"25":{"start":{"line":26,"column":0},"end":{"line":26,"column":2}},"26":{"start":{"line":27,"column":0},"end":{"line":27,"column":0}},"27":{"start":{"line":28,"column":0},"end":{"line":28,"column":37}},"28":{"start":{"line":29,"column":0},"end":{"line":29,"column":41}},"29":{"start":{"line":30,"column":0},"end":{"line":30,"column":52}},"30":{"start":{"line":31,"column":0},"end":{"line":31,"column":39}},"31":{"start":{"line":32,"column":0},"end":{"line":32,"column":3}},"32":{"start":{"line":33,"column":0},"end":{"line":33,"column":0}},"33":{"start":{"line":34,"column":0},"end":{"line":34,"column":38}},"34":{"start":{"line":35,"column":0},"end":{"line":35,"column":25}},"35":{"start":{"line":36,"column":0},"end":{"line":36,"column":51}},"36":{"start":{"line":37,"column":0},"end":{"line":37,"column":2}},"37":{"start":{"line":38,"column":0},"end":{"line":38,"column":54}},"38":{"start":{"line":39,"column":0},"end":{"line":39,"column":39}},"39":{"start":{"line":40,"column":0},"end":{"line":40,"column":3}},"40":{"start":{"line":41,"column":0},"end":{"line":41,"column":0}},"41":{"start":{"line":42,"column":0},"end":{"line":42,"column":21}},"42":{"start":{"line":43,"column":0},"end":{"line":43,"column":2}},"43":{"start":{"line":44,"column":0},"end":{"line":44,"column":21}}},"s":{"0":1,"1":1,"2":1,"3":1,"4":1,"5":1,"6":1,"7":1,"8":1,"9":1,"10":1,"11":1,"12":1,"13":1,"14":1,"15":1,"16":1,"17":1,"18":1,"19":13,"20":13,"21":10,"22":10,"23":10,"24":13,"25":13,"26":1,"27":1,"28":13,"29":13,"30":13,"31":1,"32":1,"33":1,"34":0,"35":0,"36":0,"37":0,"38":0,"39":1,"40":1,"41":1,"42":1,"43":1},"branchMap":{"0":{"type":"branch","line":16,"loc":{"start":{"line":16,"column":12},"end":{"line":18,"column":5}},"locations":[{"start":{"line":16,"column":12},"end":{"line":18,"column":5}}]},"1":{"type":"branch","line":19,"loc":{"start":{"line":19,"column":8},"end":{"line":26,"column":2}},"locations":[{"start":{"line":19,"column":8},"end":{"line":26,"column":2}}]},"2":{"type":"branch","line":21,"loc":{"start":{"line":21,"column":32},"end":{"line":24,"column":3}},"locations":[{"start":{"line":21,"column":32},"end":{"line":24,"column":3}}]},"3":{"type":"branch","line":28,"loc":{"start":{"line":28,"column":17},"end":{"line":32,"column":2}},"locations":[{"start":{"line":28,"column":17},"end":{"line":32,"column":2}}]},"4":{"type":"branch","line":42,"loc":{"start":{"line":42,"column":16},"end":{"line":43,"column":1}},"locations":[{"start":{"line":42,"column":16},"end":{"line":43,"column":1}}]}},"b":{"0":[1],"1":[13],"2":[10],"3":[13],"4":[1]},"fnMap":{},"f":{}}
,"C:\\Users\\punit\\OneDrive\\Desktop\\Cohort\\assignments-master\\week-3\\01-middlewares\\03-errorcount.js": {"path":"C:\\Users\\punit\\OneDrive\\Desktop\\Cohort\\assignments-master\\week-3\\01-middlewares\\03-errorcount.js","all":false,"statementMap":{"0":{"start":{"line":1,"column":0},"end":{"line":1,"column":37}},"1":{"start":{"line":2,"column":0},"end":{"line":2,"column":33}},"2":{"start":{"line":3,"column":0},"end":{"line":3,"column":35}},"3":{"start":{"line":4,"column":0},"end":{"line":4,"column":0}},"4":{"start":{"line":5,"column":0},"end":{"line":5,"column":22}},"5":{"start":{"line":6,"column":0},"end":{"line":6,"column":19}},"6":{"start":{"line":7,"column":0},"end":{"line":7,"column":0}},"7":{"start":{"line":8,"column":0},"end":{"line":8,"column":67}},"8":{"start":{"line":9,"column":0},"end":{"line":9,"column":18}},"9":{"start":{"line":10,"column":0},"end":{"line":10,"column":87}},"10":{"start":{"line":11,"column":0},"end":{"line":11,"column":112}},"11":{"start":{"line":12,"column":0},"end":{"line":12,"column":0}},"12":{"start":{"line":13,"column":0},"end":{"line":13,"column":0}},"13":{"start":{"line":14,"column":0},"end":{"line":14,"column":37}},"14":{"start":{"line":15,"column":0},"end":{"line":15,"column":36}},"15":{"start":{"line":16,"column":0},"end":{"line":16,"column":41}},"16":{"start":{"line":17,"column":0},"end":{"line":17,"column":3}},"17":{"start":{"line":18,"column":0},"end":{"line":18,"column":0}},"18":{"start":{"line":19,"column":0},"end":{"line":19,"column":38}},"19":{"start":{"line":20,"column":0},"end":{"line":20,"column":54}},"20":{"start":{"line":21,"column":0},"end":{"line":21,"column":3}},"21":{"start":{"line":22,"column":0},"end":{"line":22,"column":0}},"22":{"start":{"line":23,"column":0},"end":{"line":23,"column":43}},"23":{"start":{"line":24,"column":0},"end":{"line":24,"column":39}},"24":{"start":{"line":25,"column":0},"end":{"line":25,"column":3}},"25":{"start":{"line":26,"column":0},"end":{"line":26,"column":0}},"26":{"start":{"line":27,"column":0},"end":{"line":27,"column":34}},"27":{"start":{"line":28,"column":0},"end":{"line":28,"column":44}},"28":{"start":{"line":29,"column":0},"end":{"line":29,"column":69}},"29":{"start":{"line":30,"column":0},"end":{"line":30,"column":3}},"30":{"start":{"line":31,"column":0},"end":{"line":31,"column":21}},"31":{"start":{"line":32,"column":0},"end":{"line":32,"column":27}},"32":{"start":{"line":33,"column":0},"end":{"line":33,"column":2}},"33":{"start":{"line":34,"column":0},"end":{"line":34,"column":2}},"34":{"start":{"line":35,"column":0},"end":{"line":35,"column":21}}},"s":{"0":1,"1":1,"2":1,"3":1,"4":1,"5":1,"6":1,"7":1,"8":1,"9":1,"10":1,"11":1,"12":1,"13":1,"14":11,"15":0,"16":1,"17":1,"18":1,"19":0,"20":1,"21":1,"22":1,"23":2,"24":1,"25":1,"26":1,"27":11,"28":11,"29":1,"30":1,"31":1,"32":1,"33":1,"34":1},"branchMap":{"0":{"type":"branch","line":14,"loc":{"start":{"line":14,"column":17},"end":{"line":17,"column":2}},"locations":[{"start":{"line":14,"column":17},"end":{"line":17,"column":2}}]},"1":{"type":"branch","line":15,"loc":{"start":{"line":15,"column":35},"end":{"line":17,"column":2}},"locations":[{"start":{"line":15,"column":35},"end":{"line":17,"column":2}}]},"2":{"type":"branch","line":23,"loc":{"start":{"line":23,"column":23},"end":{"line":25,"column":2}},"locations":[{"start":{"line":23,"column":23},"end":{"line":25,"column":2}}]},"3":{"type":"branch","line":27,"loc":{"start":{"line":27,"column":8},"end":{"line":30,"column":2}},"locations":[{"start":{"line":27,"column":8},"end":{"line":30,"column":2}}]},"4":{"type":"branch","line":31,"loc":{"start":{"line":31,"column":16},"end":{"line":34,"column":2}},"locations":[{"start":{"line":31,"column":16},"end":{"line":34,"column":2}}]}},"b":{"0":[11],"1":[0],"2":[2],"3":[11],"4":[1]},"fnMap":{},"f":{}}
}
